<!doctype html>
<html lang="">
<head>
    <meta charset="UTF-8">
    <meta name="viewport"
          content="width=device-width, user-scalable=no, initial-scale=1.0, maximum-scale=1.0, minimum-scale=1.0">
    <meta http-equiv="X-UA-Compatible" content="ie=edge">
    <title>Test Results Report - AutomationProjectX</title>

    <link href="reportng.css" rel="stylesheet" type="text/css"/>
</head>
<body>
<div id="meta">
Generated by <a href="http://www.testng.org" target="_blank">TestNG</a> with <a href="https://github.com/testng-team/reportng" target="_blank">ReportNG</a>
at 01:57 CEST on Sunday 16 June 2024
    <br/><span
    id="systemInfo">k.rakitskaya@KRK1-LDL-P31006&nbsp;/&nbsp;Java 11.0.21 (Oracle Corporation)&nbsp;/&nbsp;Windows 11 10.0 (amd64)</span>
</div>
<h1>AutomationProjectX</h1>

<p>
    <a href="index.html">Suites</a>
        &#183; <a href="output.html">Log Output</a>
</p>

<p>Test duration
    : 30.105s</p>


    <table class="resultsTable">
        <tr>
            <th colspan="3" class="header failed">Failed Tests</th>
        </tr>
            <tr>
                <td class="group" colspan="3">Validation1_FinishPurchase</td>
            </tr>
    <tr>
        <td class="method">
                validation1_Finish_Purchase
        </td>
        <td class="duration">
            1.764s
        </td>
        <td class="result">
            <!-- Display the dependencies for skipped test methods -->


            <!-- Show logger output for the test -->

                <a href="javascript:toggleElement('exception-0', 'block')"
                   title="Click to expand/collapse">
                    <b>java.lang.AssertionError: Verify total amount is correct did not expect to find [113.95] but found [113.94999999999999]</b>
                </a>
                <br/>
                <div class="stackTrace" id="exception-0">
                        org.testng.Assert.fail(Assert.java:97)<br/>
                        org.testng.Assert.failNotEquals(Assert.java:969)<br/>
                        org.testng.Assert.assertEquals(Assert.java:640)<br/>
                        pages.CheckoutOverviewPage.verifyItemTotal(CheckoutOverviewPage.java:40)<br/>
                        Validation1_FinishPurchase.validation1_Finish_Purchase(Validation1_FinishPurchase.java:29)<br/>
                        java.base/jdk.internal.reflect.NativeMethodAccessorImpl.invoke0(Native Method)<br/>
                        java.base/jdk.internal.reflect.NativeMethodAccessorImpl.invoke(NativeMethodAccessorImpl.java:62)<br/>
                        java.base/jdk.internal.reflect.DelegatingMethodAccessorImpl.invoke(DelegatingMethodAccessorImpl.java:43)<br/>
                        java.base/java.lang.reflect.Method.invoke(Method.java:566)<br/>
                        org.testng.internal.MethodInvocationHelper.invokeMethod(MethodInvocationHelper.java:133)<br/>
                        org.testng.internal.TestInvoker.invokeMethod(TestInvoker.java:584)<br/>
                        org.testng.internal.TestInvoker.invokeTestMethod(TestInvoker.java:172)<br/>
                        org.testng.internal.MethodRunner.runInSequence(MethodRunner.java:46)<br/>
                        org.testng.internal.TestInvoker$MethodInvocationAgent.invoke(TestInvoker.java:804)<br/>
                        org.testng.internal.TestInvoker.invokeTestMethods(TestInvoker.java:145)<br/>
                        org.testng.internal.TestMethodWorker.invokeTestMethods(TestMethodWorker.java:146)<br/>
                        org.testng.internal.TestMethodWorker.run(TestMethodWorker.java:128)<br/>
                        java.base/java.util.ArrayList.forEach(ArrayList.java:1541)<br/>
                        org.testng.TestRunner.privateRun(TestRunner.java:770)<br/>
                        org.testng.TestRunner.run(TestRunner.java:591)<br/>
                        org.testng.SuiteRunner.runTest(SuiteRunner.java:402)<br/>
                        org.testng.SuiteRunner.runSequentially(SuiteRunner.java:396)<br/>
                        org.testng.SuiteRunner.privateRun(SuiteRunner.java:355)<br/>
                        org.testng.SuiteRunner.run(SuiteRunner.java:304)<br/>
                        org.testng.SuiteRunnerWorker.runSuite(SuiteRunnerWorker.java:53)<br/>
                        org.testng.SuiteRunnerWorker.run(SuiteRunnerWorker.java:96)<br/>
                        org.testng.TestNG.runSuitesSequentially(TestNG.java:1180)<br/>
                        org.testng.TestNG.runSuitesLocally(TestNG.java:1102)<br/>
                        org.testng.TestNG.runSuites(TestNG.java:1032)<br/>
                        org.testng.TestNG.run(TestNG.java:1000)<br/>
                        com.intellij.rt.testng.IDEARemoteTestNG.run(IDEARemoteTestNG.java:65)<br/>
                        com.intellij.rt.testng.RemoteTestNGStarter.main(RemoteTestNGStarter.java:105)<br/>
                </div>
        </td>
    </tr>
            <tr>
                <td class="group" colspan="3">Validation2_ProblemUser</td>
            </tr>
    <tr>
        <td class="method">
                validation2_ProblemUser
        </td>
        <td class="duration">
            1.359s
        </td>
        <td class="result">
            <!-- Display the dependencies for skipped test methods -->


            <!-- Show logger output for the test -->

                <a href="javascript:toggleElement('exception-1', 'block')"
                   title="Click to expand/collapse">
                    <b>java.lang.AssertionError: Verify only one item added expected [1] but found [0]</b>
                </a>
                <br/>
                <div class="stackTrace" id="exception-1">
                        org.testng.Assert.fail(Assert.java:97)<br/>
                        org.testng.Assert.assertEqualsImpl(Assert.java:136)<br/>
                        org.testng.Assert.assertEquals(Assert.java:118)<br/>
                        org.testng.Assert.assertEquals(Assert.java:839)<br/>
                        pages.YourCartPage.verifyItemAdded(YourCartPage.java:37)<br/>
                        Validation2_ProblemUser.validation2_ProblemUser(Validation2_ProblemUser.java:18)<br/>
                        java.base/jdk.internal.reflect.NativeMethodAccessorImpl.invoke0(Native Method)<br/>
                        java.base/jdk.internal.reflect.NativeMethodAccessorImpl.invoke(NativeMethodAccessorImpl.java:62)<br/>
                        java.base/jdk.internal.reflect.DelegatingMethodAccessorImpl.invoke(DelegatingMethodAccessorImpl.java:43)<br/>
                        java.base/java.lang.reflect.Method.invoke(Method.java:566)<br/>
                        org.testng.internal.MethodInvocationHelper.invokeMethod(MethodInvocationHelper.java:133)<br/>
                        org.testng.internal.TestInvoker.invokeMethod(TestInvoker.java:584)<br/>
                        org.testng.internal.TestInvoker.invokeTestMethod(TestInvoker.java:172)<br/>
                        org.testng.internal.MethodRunner.runInSequence(MethodRunner.java:46)<br/>
                        org.testng.internal.TestInvoker$MethodInvocationAgent.invoke(TestInvoker.java:804)<br/>
                        org.testng.internal.TestInvoker.invokeTestMethods(TestInvoker.java:145)<br/>
                        org.testng.internal.TestMethodWorker.invokeTestMethods(TestMethodWorker.java:146)<br/>
                        org.testng.internal.TestMethodWorker.run(TestMethodWorker.java:128)<br/>
                        java.base/java.util.ArrayList.forEach(ArrayList.java:1541)<br/>
                        org.testng.TestRunner.privateRun(TestRunner.java:770)<br/>
                        org.testng.TestRunner.run(TestRunner.java:591)<br/>
                        org.testng.SuiteRunner.runTest(SuiteRunner.java:402)<br/>
                        org.testng.SuiteRunner.runSequentially(SuiteRunner.java:396)<br/>
                        org.testng.SuiteRunner.privateRun(SuiteRunner.java:355)<br/>
                        org.testng.SuiteRunner.run(SuiteRunner.java:304)<br/>
                        org.testng.SuiteRunnerWorker.runSuite(SuiteRunnerWorker.java:53)<br/>
                        org.testng.SuiteRunnerWorker.run(SuiteRunnerWorker.java:96)<br/>
                        org.testng.TestNG.runSuitesSequentially(TestNG.java:1180)<br/>
                        org.testng.TestNG.runSuitesLocally(TestNG.java:1102)<br/>
                        org.testng.TestNG.runSuites(TestNG.java:1032)<br/>
                        org.testng.TestNG.run(TestNG.java:1000)<br/>
                        com.intellij.rt.testng.IDEARemoteTestNG.run(IDEARemoteTestNG.java:65)<br/>
                        com.intellij.rt.testng.RemoteTestNGStarter.main(RemoteTestNGStarter.java:105)<br/>
                </div>
        </td>
    </tr>
            <tr>
                <td class="group" colspan="3">Validation6_PerformanceGlitchUser</td>
            </tr>
    <tr>
        <td class="method">
                validation6_PerformanceGlitchUser
        </td>
        <td class="duration">
            7.396s
        </td>
        <td class="result">
            <!-- Display the dependencies for skipped test methods -->


            <!-- Show logger output for the test -->

                <a href="javascript:toggleElement('exception-2', 'block')"
                   title="Click to expand/collapse">
                    <b>java.lang.AssertionError: Verify total amount is correct did not expect to find [113.95] but found [113.94999999999999]</b>
                </a>
                <br/>
                <div class="stackTrace" id="exception-2">
                        org.testng.Assert.fail(Assert.java:97)<br/>
                        org.testng.Assert.failNotEquals(Assert.java:969)<br/>
                        org.testng.Assert.assertEquals(Assert.java:640)<br/>
                        pages.CheckoutOverviewPage.verifyItemTotal(CheckoutOverviewPage.java:40)<br/>
                        Validation6_PerformanceGlitchUser.validation6_PerformanceGlitchUser(Validation6_PerformanceGlitchUser.java:29)<br/>
                        java.base/jdk.internal.reflect.NativeMethodAccessorImpl.invoke0(Native Method)<br/>
                        java.base/jdk.internal.reflect.NativeMethodAccessorImpl.invoke(NativeMethodAccessorImpl.java:62)<br/>
                        java.base/jdk.internal.reflect.DelegatingMethodAccessorImpl.invoke(DelegatingMethodAccessorImpl.java:43)<br/>
                        java.base/java.lang.reflect.Method.invoke(Method.java:566)<br/>
                        org.testng.internal.MethodInvocationHelper.invokeMethod(MethodInvocationHelper.java:133)<br/>
                        org.testng.internal.TestInvoker.invokeMethod(TestInvoker.java:584)<br/>
                        org.testng.internal.TestInvoker.invokeTestMethod(TestInvoker.java:172)<br/>
                        org.testng.internal.MethodRunner.runInSequence(MethodRunner.java:46)<br/>
                        org.testng.internal.TestInvoker$MethodInvocationAgent.invoke(TestInvoker.java:804)<br/>
                        org.testng.internal.TestInvoker.invokeTestMethods(TestInvoker.java:145)<br/>
                        org.testng.internal.TestMethodWorker.invokeTestMethods(TestMethodWorker.java:146)<br/>
                        org.testng.internal.TestMethodWorker.run(TestMethodWorker.java:128)<br/>
                        java.base/java.util.ArrayList.forEach(ArrayList.java:1541)<br/>
                        org.testng.TestRunner.privateRun(TestRunner.java:770)<br/>
                        org.testng.TestRunner.run(TestRunner.java:591)<br/>
                        org.testng.SuiteRunner.runTest(SuiteRunner.java:402)<br/>
                        org.testng.SuiteRunner.runSequentially(SuiteRunner.java:396)<br/>
                        org.testng.SuiteRunner.privateRun(SuiteRunner.java:355)<br/>
                        org.testng.SuiteRunner.run(SuiteRunner.java:304)<br/>
                        org.testng.SuiteRunnerWorker.runSuite(SuiteRunnerWorker.java:53)<br/>
                        org.testng.SuiteRunnerWorker.run(SuiteRunnerWorker.java:96)<br/>
                        org.testng.TestNG.runSuitesSequentially(TestNG.java:1180)<br/>
                        org.testng.TestNG.runSuitesLocally(TestNG.java:1102)<br/>
                        org.testng.TestNG.runSuites(TestNG.java:1032)<br/>
                        org.testng.TestNG.run(TestNG.java:1000)<br/>
                        com.intellij.rt.testng.IDEARemoteTestNG.run(IDEARemoteTestNG.java:65)<br/>
                        com.intellij.rt.testng.RemoteTestNGStarter.main(RemoteTestNGStarter.java:105)<br/>
                </div>
        </td>
    </tr>
    </table>


    <table class="resultsTable" width="100%">
        <tr>
            <th colspan="3" class="header passed">Passed Tests</th>
        </tr>
            <tr>
                <td class="group" colspan="3">Validation3_SortProductsByName</td>
            </tr>
    <tr>
        <td class="method">
                validation3_SortProductsByName
        </td>
        <td class="duration">
            1.305s
        </td>
        <td class="result">
            <!-- Display the dependencies for skipped test methods -->


            <!-- Show logger output for the test -->

        </td>
    </tr>
            <tr>
                <td class="group" colspan="3">Validation4_SortProductsByPrice</td>
            </tr>
    <tr>
        <td class="method">
                validation4_SortProductsByPrice
        </td>
        <td class="duration">
            1.217s
        </td>
        <td class="result">
            <!-- Display the dependencies for skipped test methods -->


            <!-- Show logger output for the test -->

        </td>
    </tr>
            <tr>
                <td class="group" colspan="3">Validation5_LockedOutUser</td>
            </tr>
    <tr>
        <td class="method">
                validation5_LockedOutUser
        </td>
        <td class="duration">
            0.870s
        </td>
        <td class="result">
            <!-- Display the dependencies for skipped test methods -->


            <!-- Show logger output for the test -->

        </td>
    </tr>
    </table>

<script type="text/javascript" src="reportng.js"></script>
</body>
